<?xml version="1.0" encoding="UTF-8"?>
<!-- Generated by org.testng.reporters.JUnitReportReporter -->
<testsuite hostname="DESKTOP-JN1SHAN" failures="0" tests="3" name="com.frameworks.testcases.LoginPage_testcase" time="31.413" errors="0" timestamp="18 Jun 2020 11:48:54 GMT" skipped="0">
  <testcase classname="com.frameworks.testcases.LoginPage_testcase" name="verifyLoginPageTitleTest" time="6.774"/>
  <testcase classname="com.frameworks.testcases.LoginPage_testcase" name="loginSalesForceTest" time="12.433"/>
  <testcase classname="com.frameworks.testcases.LoginPage_testcase" name="validateHomePageAfterLogin" time="12.206"/>
</testsuite> <!-- com.frameworks.testcases.LoginPage_testcase -->
